2018-04-24 13:09:47,205 - INFO - allennlp.common.params - dataset_reader.type = squad
2018-04-24 13:09:47,205 - INFO - allennlp.common.params - dataset_reader.tokenizer.type = word
2018-04-24 13:09:47,206 - INFO - allennlp.common.params - dataset_reader.tokenizer.word_splitter.type = spacy
2018-04-24 13:09:47,206 - INFO - allennlp.common.params - dataset_reader.tokenizer.word_splitter.language = en_core_web_sm
2018-04-24 13:09:47,206 - INFO - allennlp.common.params - dataset_reader.tokenizer.word_splitter.pos_tags = False
2018-04-24 13:09:47,206 - INFO - allennlp.common.params - dataset_reader.tokenizer.word_splitter.parse = False
2018-04-24 13:09:47,206 - INFO - allennlp.common.params - dataset_reader.tokenizer.word_splitter.ner = False
2018-04-24 13:09:48,029 - INFO - allennlp.common.params - dataset_reader.tokenizer.word_filter.type = pass_through
2018-04-24 13:09:48,029 - INFO - allennlp.common.params - dataset_reader.tokenizer.word_stemmer.type = pass_through
2018-04-24 13:09:48,029 - INFO - allennlp.common.params - dataset_reader.tokenizer.start_tokens = None
2018-04-24 13:09:48,029 - INFO - allennlp.common.params - dataset_reader.tokenizer.end_tokens = None
2018-04-24 13:09:48,029 - INFO - allennlp.common.params - dataset_reader.token_indexers.tokens.type = single_id
2018-04-24 13:09:48,029 - INFO - allennlp.common.params - dataset_reader.token_indexers.tokens.namespace = tokens
2018-04-24 13:09:48,030 - INFO - allennlp.common.params - dataset_reader.token_indexers.tokens.lowercase_tokens = True
2018-04-24 13:09:48,030 - INFO - allennlp.common.params - dataset_reader.token_indexers.token_characters.type = characters
2018-04-24 13:09:48,030 - INFO - allennlp.common.params - dataset_reader.token_indexers.token_characters.namespace = token_characters
2018-04-24 13:09:48,030 - INFO - allennlp.common.params - dataset_reader.token_indexers.token_characters.character_tokenizer.byte_encoding = utf-8
2018-04-24 13:09:48,030 - INFO - allennlp.common.params - dataset_reader.token_indexers.token_characters.character_tokenizer.lowercase_characters = False
2018-04-24 13:09:48,030 - INFO - allennlp.common.params - dataset_reader.token_indexers.token_characters.character_tokenizer.start_tokens = [259]
2018-04-24 13:09:48,030 - INFO - allennlp.common.params - dataset_reader.token_indexers.token_characters.character_tokenizer.end_tokens = [260]
2018-04-24 13:09:48,030 - INFO - allennlp.common.params - dataset_reader.lazy = False
2018-04-24 13:09:48,031 - INFO - allennlp.common.params - validation_dataset_reader = None
2018-04-24 13:09:48,031 - INFO - allennlp.common.params - train_data_path = https://s3-us-west-2.amazonaws.com/allennlp/datasets/squad/squad-train-v1.1.json
2018-04-24 13:09:48,031 - INFO - allennlp.commands.train - Reading training data from https://s3-us-west-2.amazonaws.com/allennlp/datasets/squad/squad-train-v1.1.json
2018-04-24 13:09:48,445 - INFO - allennlp.common.file_utils - https://s3-us-west-2.amazonaws.com/allennlp/datasets/squad/squad-train-v1.1.json not found in cache, downloading to /tmp/tmpkj5xwhxy
2018-04-24 13:09:58,380 - INFO - allennlp.common.file_utils - copying /tmp/tmpkj5xwhxy to cache at /home/pyuvraj/.allennlp/datasets/aHR0cHM6Ly9zMy11cy13ZXN0LTIuYW1hem9uYXdzLmNvbS9hbGxlbm5scC9kYXRhc2V0cy9zcXVhZC9zcXVhZC10cmFpbi12MS4xLmpzb24=.f75e259116ba9f15142fe5e7cc15c572-4
2018-04-24 13:09:58,771 - INFO - allennlp.common.file_utils - removing temp file /tmp/tmpkj5xwhxy
2018-04-24 13:09:58,773 - INFO - allennlp.data.dataset_readers.reading_comprehension.squad - Reading file at /home/pyuvraj/.allennlp/datasets/aHR0cHM6Ly9zMy11cy13ZXN0LTIuYW1hem9uYXdzLmNvbS9hbGxlbm5scC9kYXRhc2V0cy9zcXVhZC9zcXVhZC10cmFpbi12MS4xLmpzb24=.f75e259116ba9f15142fe5e7cc15c572-4
2018-04-24 13:09:59,328 - INFO - allennlp.data.dataset_readers.reading_comprehension.squad - Reading the dataset
0
---
NUMBER OF INSTANCES: 
---- 87599
2018-04-24 13:11:13,775 - INFO - allennlp.common.params - validation_data_path = https://s3-us-west-2.amazonaws.com/allennlp/datasets/squad/squad-dev-v1.1.json
2018-04-24 13:11:13,775 - INFO - allennlp.commands.train - Reading validation data from https://s3-us-west-2.amazonaws.com/allennlp/datasets/squad/squad-dev-v1.1.json
2018-04-24 13:11:14,139 - INFO - allennlp.data.dataset_readers.reading_comprehension.squad - Reading file at /home/pyuvraj/.allennlp/datasets/aHR0cHM6Ly9zMy11cy13ZXN0LTIuYW1hem9uYXdzLmNvbS9hbGxlbm5scC9kYXRhc2V0cy9zcXVhZC9zcXVhZC1kZXYtdjEuMS5qc29u.3e85deb501d4e538b6bc56f786231552
2018-04-24 13:11:14,348 - INFO - allennlp.data.dataset_readers.reading_comprehension.squad - Reading the dataset
0
---
NUMBER OF INSTANCES: 
---- 10570
2018-04-24 13:11:22,643 - INFO - allennlp.common.params - test_data_path = None
2018-04-24 13:11:22,643 - INFO - allennlp.commands.train - Creating a vocabulary using train, validation data.
2018-04-24 13:11:22,643 - INFO - allennlp.common.params - vocabulary.directory_path = None
2018-04-24 13:11:22,643 - INFO - allennlp.common.params - vocabulary.min_count = None
2018-04-24 13:11:22,643 - INFO - allennlp.common.params - vocabulary.max_vocab_size = None
2018-04-24 13:11:22,643 - INFO - allennlp.common.params - vocabulary.non_padded_namespaces = ('*tags', '*labels')
2018-04-24 13:11:22,643 - INFO - allennlp.common.params - vocabulary.only_include_pretrained_words = False
2018-04-24 13:11:22,643 - INFO - allennlp.data.vocabulary - Fitting token dictionary from dataset.
98169
2018-04-24 13:13:59,139 - INFO - allennlp.common.params - model.type = bidaf
2018-04-24 13:13:59,140 - INFO - allennlp.common.params - model.text_field_embedder.type = basic
2018-04-24 13:13:59,140 - INFO - allennlp.common.params - model.text_field_embedder.tokens.type = embedding
2018-04-24 13:13:59,140 - INFO - allennlp.common.params - model.text_field_embedder.tokens.num_embeddings = None
2018-04-24 13:13:59,140 - INFO - allennlp.common.params - model.text_field_embedder.tokens.vocab_namespace = tokens
2018-04-24 13:13:59,140 - INFO - allennlp.common.params - model.text_field_embedder.tokens.embedding_dim = 100
2018-04-24 13:13:59,140 - INFO - allennlp.common.params - model.text_field_embedder.tokens.pretrained_file = https://s3-us-west-2.amazonaws.com/allennlp/datasets/glove/glove.6B.100d.txt.gz
2018-04-24 13:13:59,140 - INFO - allennlp.common.params - model.text_field_embedder.tokens.projection_dim = None
2018-04-24 13:13:59,140 - INFO - allennlp.common.params - model.text_field_embedder.tokens.trainable = False
2018-04-24 13:13:59,140 - INFO - allennlp.common.params - model.text_field_embedder.tokens.padding_index = None
2018-04-24 13:13:59,140 - INFO - allennlp.common.params - model.text_field_embedder.tokens.max_norm = None
2018-04-24 13:13:59,140 - INFO - allennlp.common.params - model.text_field_embedder.tokens.norm_type = 2.0
2018-04-24 13:13:59,141 - INFO - allennlp.common.params - model.text_field_embedder.tokens.scale_grad_by_freq = False
2018-04-24 13:13:59,141 - INFO - allennlp.common.params - model.text_field_embedder.tokens.sparse = False
2018-04-24 13:13:59,149 - INFO - allennlp.modules.token_embedders.embedding - Reading embeddings from file
2018-04-24 13:13:59,514 - INFO - allennlp.common.file_utils - https://s3-us-west-2.amazonaws.com/allennlp/datasets/glove/glove.6B.100d.txt.gz not found in cache, downloading to /tmp/tmp7oh4htf6
2018-04-24 13:14:19,556 - INFO - allennlp.common.file_utils - copying /tmp/tmp7oh4htf6 to cache at /home/pyuvraj/.allennlp/datasets/aHR0cHM6Ly9zMy11cy13ZXN0LTIuYW1hem9uYXdzLmNvbS9hbGxlbm5scC9kYXRhc2V0cy9nbG92ZS9nbG92ZS42Qi4xMDBkLnR4dC5neg==.41a17724771d6127780704e81e049fc9-17
2018-04-24 13:14:20,868 - INFO - allennlp.common.file_utils - removing temp file /tmp/tmp7oh4htf6
2018-04-24 13:14:27,987 - INFO - allennlp.modules.token_embedders.embedding - Initializing pre-trained embedding layer
2018-04-24 13:14:28,932 - INFO - allennlp.common.params - model.text_field_embedder.token_characters.type = character_encoding
2018-04-24 13:14:28,932 - INFO - allennlp.common.params - model.text_field_embedder.token_characters.embedding.num_embeddings = 262
2018-04-24 13:14:28,932 - INFO - allennlp.common.params - model.text_field_embedder.token_characters.embedding.vocab_namespace = token_characters
2018-04-24 13:14:28,932 - INFO - allennlp.common.params - model.text_field_embedder.token_characters.embedding.embedding_dim = 16
2018-04-24 13:14:28,932 - INFO - allennlp.common.params - model.text_field_embedder.token_characters.embedding.pretrained_file = None
2018-04-24 13:14:28,932 - INFO - allennlp.common.params - model.text_field_embedder.token_characters.embedding.projection_dim = None
2018-04-24 13:14:28,932 - INFO - allennlp.common.params - model.text_field_embedder.token_characters.embedding.trainable = True
2018-04-24 13:14:28,932 - INFO - allennlp.common.params - model.text_field_embedder.token_characters.embedding.padding_index = None
2018-04-24 13:14:28,932 - INFO - allennlp.common.params - model.text_field_embedder.token_characters.embedding.max_norm = None
2018-04-24 13:14:28,932 - INFO - allennlp.common.params - model.text_field_embedder.token_characters.embedding.norm_type = 2.0
2018-04-24 13:14:28,933 - INFO - allennlp.common.params - model.text_field_embedder.token_characters.embedding.scale_grad_by_freq = False
2018-04-24 13:14:28,933 - INFO - allennlp.common.params - model.text_field_embedder.token_characters.embedding.sparse = False
2018-04-24 13:14:28,933 - INFO - allennlp.common.params - model.text_field_embedder.token_characters.encoder.type = cnn
2018-04-24 13:14:28,933 - INFO - allennlp.common.params - model.text_field_embedder.token_characters.encoder.embedding_dim = 16
2018-04-24 13:14:28,933 - INFO - allennlp.common.params - model.text_field_embedder.token_characters.encoder.output_dim = None
2018-04-24 13:14:28,933 - INFO - allennlp.common.params - model.text_field_embedder.token_characters.encoder.num_filters = 100
2018-04-24 13:14:28,933 - INFO - allennlp.common.params - model.text_field_embedder.token_characters.encoder.conv_layer_activation = relu
2018-04-24 13:14:28,933 - INFO - allennlp.common.params - model.text_field_embedder.token_characters.encoder.ngram_filter_sizes = [5]
2018-04-24 13:14:28,935 - INFO - allennlp.common.params - model.text_field_embedder.token_characters.dropout = 0.2
2018-04-24 13:14:28,936 - INFO - allennlp.common.params - model.num_highway_layers = 2
2018-04-24 13:14:28,936 - INFO - allennlp.common.params - model.phrase_layer.type = lstm
2018-04-24 13:14:28,936 - INFO - allennlp.common.params - model.phrase_layer.batch_first = True
2018-04-24 13:14:28,936 - INFO - allennlp.common.params - Converting Params object to dict; logging of default values will not occur when dictionary parameters are used subsequently.
2018-04-24 13:14:28,936 - INFO - allennlp.common.params - CURRENTLY DEFINED PARAMETERS: 
2018-04-24 13:14:28,936 - INFO - allennlp.common.params - model.phrase_layer.bidirectional = True
2018-04-24 13:14:28,936 - INFO - allennlp.common.params - model.phrase_layer.input_size = 200
2018-04-24 13:14:28,936 - INFO - allennlp.common.params - model.phrase_layer.hidden_size = 100
2018-04-24 13:14:28,936 - INFO - allennlp.common.params - model.phrase_layer.num_layers = 1
2018-04-24 13:14:28,936 - INFO - allennlp.common.params - model.phrase_layer.dropout = 0.2
2018-04-24 13:14:28,936 - INFO - allennlp.common.params - model.phrase_layer.batch_first = True
2018-04-24 13:14:28,938 - INFO - allennlp.common.params - model.similarity_function.type = linear
2018-04-24 13:14:28,938 - INFO - allennlp.common.params - model.similarity_function.tensor_1_dim = 200
2018-04-24 13:14:28,938 - INFO - allennlp.common.params - model.similarity_function.tensor_2_dim = 200
2018-04-24 13:14:28,939 - INFO - allennlp.common.params - model.similarity_function.combination = x,y,x*y
2018-04-24 13:14:28,939 - INFO - allennlp.common.params - model.similarity_function.activation = linear
2018-04-24 13:14:28,939 - INFO - allennlp.common.params - model.modeling_layer.type = lstm
2018-04-24 13:14:28,939 - INFO - allennlp.common.params - model.modeling_layer.batch_first = True
2018-04-24 13:14:28,939 - INFO - allennlp.common.params - Converting Params object to dict; logging of default values will not occur when dictionary parameters are used subsequently.
2018-04-24 13:14:28,939 - INFO - allennlp.common.params - CURRENTLY DEFINED PARAMETERS: 
2018-04-24 13:14:28,939 - INFO - allennlp.common.params - model.modeling_layer.bidirectional = True
2018-04-24 13:14:28,939 - INFO - allennlp.common.params - model.modeling_layer.input_size = 800
2018-04-24 13:14:28,939 - INFO - allennlp.common.params - model.modeling_layer.hidden_size = 100
2018-04-24 13:14:28,939 - INFO - allennlp.common.params - model.modeling_layer.num_layers = 2
2018-04-24 13:14:28,939 - INFO - allennlp.common.params - model.modeling_layer.dropout = 0.2
2018-04-24 13:14:28,939 - INFO - allennlp.common.params - model.modeling_layer.batch_first = True
2018-04-24 13:14:28,946 - INFO - allennlp.common.params - model.span_end_encoder.type = lstm
2018-04-24 13:14:28,946 - INFO - allennlp.common.params - model.span_end_encoder.batch_first = True
2018-04-24 13:14:28,946 - INFO - allennlp.common.params - Converting Params object to dict; logging of default values will not occur when dictionary parameters are used subsequently.
2018-04-24 13:14:28,946 - INFO - allennlp.common.params - CURRENTLY DEFINED PARAMETERS: 
2018-04-24 13:14:28,946 - INFO - allennlp.common.params - model.span_end_encoder.bidirectional = True
2018-04-24 13:14:28,946 - INFO - allennlp.common.params - model.span_end_encoder.input_size = 1400
2018-04-24 13:14:28,946 - INFO - allennlp.common.params - model.span_end_encoder.hidden_size = 100
2018-04-24 13:14:28,946 - INFO - allennlp.common.params - model.span_end_encoder.num_layers = 1
2018-04-24 13:14:28,947 - INFO - allennlp.common.params - model.span_end_encoder.dropout = 0.2
2018-04-24 13:14:28,947 - INFO - allennlp.common.params - model.span_end_encoder.batch_first = True
2018-04-24 13:14:28,955 - INFO - allennlp.common.params - model.dropout = 0.2
2018-04-24 13:14:28,955 - INFO - allennlp.common.params - model.initializer = []
2018-04-24 13:14:28,955 - INFO - allennlp.common.params - model.regularizer = []
2018-04-24 13:14:28,955 - INFO - allennlp.common.params - model.mask_lstms = True
2018-04-24 13:14:28,955 - INFO - allennlp.common.params - model.total_items = 98169
2018-04-24 13:14:28,957 - INFO - allennlp.nn.initializers - Initializing parameters
2018-04-24 13:14:28,957 - INFO - allennlp.nn.initializers - Done initializing parameters; the following parameters are using their default initialization from their code
2018-04-24 13:14:28,957 - INFO - allennlp.nn.initializers -    _highway_layer._module._layers.0.bias
2018-04-24 13:14:28,957 - INFO - allennlp.nn.initializers -    _highway_layer._module._layers.0.weight
2018-04-24 13:14:28,957 - INFO - allennlp.nn.initializers -    _highway_layer._module._layers.1.bias
2018-04-24 13:14:28,957 - INFO - allennlp.nn.initializers -    _highway_layer._module._layers.1.weight
2018-04-24 13:14:28,958 - INFO - allennlp.nn.initializers -    _matrix_attention._similarity_function._bias
2018-04-24 13:14:28,958 - INFO - allennlp.nn.initializers -    _matrix_attention._similarity_function._weight_vector
2018-04-24 13:14:28,958 - INFO - allennlp.nn.initializers -    _modeling_layer._module.bias_hh_l0
2018-04-24 13:14:28,958 - INFO - allennlp.nn.initializers -    _modeling_layer._module.bias_hh_l0_reverse
2018-04-24 13:14:28,958 - INFO - allennlp.nn.initializers -    _modeling_layer._module.bias_hh_l1
2018-04-24 13:14:28,958 - INFO - allennlp.nn.initializers -    _modeling_layer._module.bias_hh_l1_reverse
2018-04-24 13:14:28,958 - INFO - allennlp.nn.initializers -    _modeling_layer._module.bias_ih_l0
2018-04-24 13:14:28,958 - INFO - allennlp.nn.initializers -    _modeling_layer._module.bias_ih_l0_reverse
2018-04-24 13:14:28,958 - INFO - allennlp.nn.initializers -    _modeling_layer._module.bias_ih_l1
2018-04-24 13:14:28,958 - INFO - allennlp.nn.initializers -    _modeling_layer._module.bias_ih_l1_reverse
2018-04-24 13:14:28,958 - INFO - allennlp.nn.initializers -    _modeling_layer._module.weight_hh_l0
2018-04-24 13:14:28,958 - INFO - allennlp.nn.initializers -    _modeling_layer._module.weight_hh_l0_reverse
2018-04-24 13:14:28,958 - INFO - allennlp.nn.initializers -    _modeling_layer._module.weight_hh_l1
2018-04-24 13:14:28,958 - INFO - allennlp.nn.initializers -    _modeling_layer._module.weight_hh_l1_reverse
2018-04-24 13:14:28,958 - INFO - allennlp.nn.initializers -    _modeling_layer._module.weight_ih_l0
2018-04-24 13:14:28,958 - INFO - allennlp.nn.initializers -    _modeling_layer._module.weight_ih_l0_reverse
2018-04-24 13:14:28,958 - INFO - allennlp.nn.initializers -    _modeling_layer._module.weight_ih_l1
2018-04-24 13:14:28,958 - INFO - allennlp.nn.initializers -    _modeling_layer._module.weight_ih_l1_reverse
2018-04-24 13:14:28,959 - INFO - allennlp.nn.initializers -    _phrase_layer._module.bias_hh_l0
2018-04-24 13:14:28,959 - INFO - allennlp.nn.initializers -    _phrase_layer._module.bias_hh_l0_reverse
2018-04-24 13:14:28,959 - INFO - allennlp.nn.initializers -    _phrase_layer._module.bias_ih_l0
2018-04-24 13:14:28,959 - INFO - allennlp.nn.initializers -    _phrase_layer._module.bias_ih_l0_reverse
2018-04-24 13:14:28,959 - INFO - allennlp.nn.initializers -    _phrase_layer._module.weight_hh_l0
2018-04-24 13:14:28,959 - INFO - allennlp.nn.initializers -    _phrase_layer._module.weight_hh_l0_reverse
2018-04-24 13:14:28,959 - INFO - allennlp.nn.initializers -    _phrase_layer._module.weight_ih_l0
2018-04-24 13:14:28,959 - INFO - allennlp.nn.initializers -    _phrase_layer._module.weight_ih_l0_reverse
2018-04-24 13:14:28,959 - INFO - allennlp.nn.initializers -    _span_end_encoder._module.bias_hh_l0
2018-04-24 13:14:28,959 - INFO - allennlp.nn.initializers -    _span_end_encoder._module.bias_hh_l0_reverse
2018-04-24 13:14:28,959 - INFO - allennlp.nn.initializers -    _span_end_encoder._module.bias_ih_l0
2018-04-24 13:14:28,959 - INFO - allennlp.nn.initializers -    _span_end_encoder._module.bias_ih_l0_reverse
2018-04-24 13:14:28,959 - INFO - allennlp.nn.initializers -    _span_end_encoder._module.weight_hh_l0
2018-04-24 13:14:28,959 - INFO - allennlp.nn.initializers -    _span_end_encoder._module.weight_hh_l0_reverse
2018-04-24 13:14:28,959 - INFO - allennlp.nn.initializers -    _span_end_encoder._module.weight_ih_l0
2018-04-24 13:14:28,959 - INFO - allennlp.nn.initializers -    _span_end_encoder._module.weight_ih_l0_reverse
2018-04-24 13:14:28,959 - INFO - allennlp.nn.initializers -    _span_end_predictor._module.bias
2018-04-24 13:14:28,959 - INFO - allennlp.nn.initializers -    _span_end_predictor._module.weight
2018-04-24 13:14:28,959 - INFO - allennlp.nn.initializers -    _span_start_predictor._module.bias
2018-04-24 13:14:28,960 - INFO - allennlp.nn.initializers -    _span_start_predictor._module.weight
2018-04-24 13:14:28,960 - INFO - allennlp.nn.initializers -    _text_field_embedder.token_embedder_token_characters._embedding._module.weight
2018-04-24 13:14:28,960 - INFO - allennlp.nn.initializers -    _text_field_embedder.token_embedder_token_characters._encoder._module.conv_layer_0.bias
2018-04-24 13:14:28,960 - INFO - allennlp.nn.initializers -    _text_field_embedder.token_embedder_token_characters._encoder._module.conv_layer_0.weight
2018-04-24 13:14:28,960 - INFO - allennlp.nn.initializers -    _text_field_embedder.token_embedder_tokens.weight
2018-04-24 13:14:28,960 - INFO - allennlp.common.params - iterator.type = bucket
2018-04-24 13:14:28,960 - INFO - allennlp.common.params - iterator.sorting_keys = [['passage', 'num_tokens'], ['question', 'num_tokens']]
2018-04-24 13:14:28,960 - INFO - allennlp.common.params - iterator.padding_noise = 0.1
2018-04-24 13:14:28,960 - INFO - allennlp.common.params - iterator.biggest_batch_first = False
2018-04-24 13:14:28,960 - INFO - allennlp.common.params - iterator.batch_size = 10
2018-04-24 13:14:28,960 - INFO - allennlp.common.params - iterator.instances_per_epoch = None
2018-04-24 13:14:28,960 - INFO - allennlp.common.params - iterator.max_instances_in_memory = None
2018-04-24 13:14:28,960 - INFO - allennlp.common.params - trainer.patience = 10
2018-04-24 13:14:28,961 - INFO - allennlp.common.params - trainer.validation_metric = +em
2018-04-24 13:14:28,961 - INFO - allennlp.common.params - trainer.num_epochs = 20
2018-04-24 13:14:28,961 - INFO - allennlp.common.params - trainer.cuda_device = 0
2018-04-24 13:14:28,961 - INFO - allennlp.common.params - trainer.grad_norm = 5.0
2018-04-24 13:14:28,961 - INFO - allennlp.common.params - trainer.grad_clipping = None
2018-04-24 13:14:36,101 - INFO - allennlp.common.params - trainer.optimizer.type = adam
2018-04-24 13:14:36,102 - INFO - allennlp.common.params - trainer.optimizer.parameter_groups = None
2018-04-24 13:14:36,102 - INFO - allennlp.common.params - Converting Params object to dict; logging of default values will not occur when dictionary parameters are used subsequently.
2018-04-24 13:14:36,102 - INFO - allennlp.common.params - CURRENTLY DEFINED PARAMETERS: 
2018-04-24 13:14:36,102 - INFO - allennlp.common.params - trainer.optimizer.betas = [0.9, 0.9]
2018-04-24 13:14:36,103 - INFO - allennlp.common.params - trainer.learning_rate_scheduler.type = reduce_on_plateau
2018-04-24 13:14:36,103 - INFO - allennlp.common.params - Converting Params object to dict; logging of default values will not occur when dictionary parameters are used subsequently.
2018-04-24 13:14:36,103 - INFO - allennlp.common.params - CURRENTLY DEFINED PARAMETERS: 
2018-04-24 13:14:36,103 - INFO - allennlp.common.params - trainer.learning_rate_scheduler.factor = 0.5
2018-04-24 13:14:36,103 - INFO - allennlp.common.params - trainer.learning_rate_scheduler.mode = max
2018-04-24 13:14:36,103 - INFO - allennlp.common.params - trainer.learning_rate_scheduler.patience = 2
2018-04-24 13:14:36,103 - INFO - allennlp.common.params - trainer.num_serialized_models_to_keep = None
2018-04-24 13:14:36,103 - INFO - allennlp.common.params - trainer.keep_serialized_model_every_num_seconds = None
2018-04-24 13:14:36,103 - INFO - allennlp.common.params - trainer.model_save_interval = None
2018-04-24 13:14:36,103 - INFO - allennlp.common.params - trainer.summary_interval = 100
2018-04-24 13:14:36,103 - INFO - allennlp.common.params - trainer.histogram_interval = None
2018-04-24 13:14:36,127 - INFO - allennlp.common.params - evaluate_on_test = False
2018-04-24 13:14:36,128 - INFO - allennlp.training.trainer - Beginning training.
2018-04-24 13:14:36,128 - INFO - allennlp.training.trainer - Epoch 0/19
2018-04-24 13:14:36,128 - INFO - allennlp.training.trainer - Peak CPU memory usage MB: 5908.784
2018-04-24 13:14:36,327 - INFO - allennlp.training.trainer - GPU 0 memory usage MB: 21209
2018-04-24 13:14:36,327 - INFO - allennlp.training.trainer - GPU 1 memory usage MB: 450
2018-04-24 13:14:36,328 - INFO - allennlp.training.trainer - GPU 2 memory usage MB: 21209
2018-04-24 13:14:36,328 - INFO - allennlp.training.trainer - GPU 3 memory usage MB: 21209
2018-04-24 13:14:36,329 - INFO - allennlp.training.trainer - Training
2018-04-24 13:59:50,527 - INFO - allennlp.training.trainer - Validating
