Traceback (most recent call last):
  File "/usr/lib64/python2.7/runpy.py", line 151, in _run_module_as_main
    mod_name, loader, code, fname = _get_module_details(mod_name)
  File "/usr/lib64/python2.7/runpy.py", line 101, in _get_module_details
    loader = get_loader(mod_name)
  File "/usr/lib64/python2.7/pkgutil.py", line 464, in get_loader
    return find_loader(fullname)
  File "/usr/lib64/python2.7/pkgutil.py", line 474, in find_loader
    for importer in iter_importers(fullname):
  File "/usr/lib64/python2.7/pkgutil.py", line 430, in iter_importers
    __import__(pkg)
  File "allennlp/__init__.py", line 6, in <module>
    raise RuntimeError("AllenNLP requires Python 3.6 or later")
RuntimeError: AllenNLP requires Python 3.6 or later
Traceback (most recent call last):
  File "/usr/lib64/python2.7/runpy.py", line 151, in _run_module_as_main
    mod_name, loader, code, fname = _get_module_details(mod_name)
  File "/usr/lib64/python2.7/runpy.py", line 101, in _get_module_details
    loader = get_loader(mod_name)
  File "/usr/lib64/python2.7/pkgutil.py", line 464, in get_loader
    return find_loader(fullname)
  File "/usr/lib64/python2.7/pkgutil.py", line 474, in find_loader
    for importer in iter_importers(fullname):
  File "/usr/lib64/python2.7/pkgutil.py", line 430, in iter_importers
    __import__(pkg)
  File "allennlp/__init__.py", line 6, in <module>
    raise RuntimeError("AllenNLP requires Python 3.6 or later")
RuntimeError: AllenNLP requires Python 3.6 or later
Traceback (most recent call last):
  File "/usr/lib64/python2.7/runpy.py", line 151, in _run_module_as_main
    mod_name, loader, code, fname = _get_module_details(mod_name)
  File "/usr/lib64/python2.7/runpy.py", line 101, in _get_module_details
    loader = get_loader(mod_name)
  File "/usr/lib64/python2.7/pkgutil.py", line 464, in get_loader
    return find_loader(fullname)
  File "/usr/lib64/python2.7/pkgutil.py", line 474, in find_loader
    for importer in iter_importers(fullname):
  File "/usr/lib64/python2.7/pkgutil.py", line 430, in iter_importers
    __import__(pkg)
  File "allennlp/__init__.py", line 6, in <module>
    raise RuntimeError("AllenNLP requires Python 3.6 or later")
RuntimeError: AllenNLP requires Python 3.6 or later
